----DIGITAL KINDER KIT: LET'S PLAY & LEARN----
Current drawing canvas settings:
- Width: 10
- Height: 6
- Background character: -

Please select an option. Type 4 to exit.
1. Draw triangles
2. Draw rectangles
3. Update drawing canvas settings
4. Exit
Side length:
Printing character:
***-------
**--------
*---------
----------
----------
----------
Type Z/M for zooming/moving. Use other keys to quit the Zooming/Moving mode.
***-------
**--------
*---------
----------
----------
----------
Type A/S/W/Z to move left/right/up/down. Use other keys to go back to the Zooming/Moving menu.
-***------
-**-------
-*--------
----------
----------
----------
Type A/S/W/Z to move left/right/up/down. Use other keys to go back to the Zooming/Moving menu.
----------
-***------
-**-------
-*--------
----------
----------
Type A/S/W/Z to move left/right/up/down. Use other keys to go back to the Zooming/Moving menu.
----------
-***------
-**-------
-*--------
----------
----------
Type Z/M for zooming/moving. Use other keys to quit the Zooming/Moving mode.
----------
-***------
-**-------
-*--------
----------
----------
Type I/O to zoom in/out. Use other keys to go back to the Zooming/Moving menu.
----------
-****-----
-***------
-**-------
-*--------
----------
Type I/O to zoom in/out. Use other keys to go back to the Zooming/Moving menu.
----------
-*****----
-****-----
-***------
-**-------
-*--------
Type I/O to zoom in/out. Use other keys to go back to the Zooming/Moving menu.
This triangle reaches its limit. You cannot make it bigger!
----------
-*****----
-****-----
-***------
-**-------
-*--------
Type I/O to zoom in/out. Use other keys to go back to the Zooming/Moving menu.
This triangle reaches its limit. You cannot make it bigger!
----------
-*****----
-****-----
-***------
-**-------
-*--------
Type I/O to zoom in/out. Use other keys to go back to the Zooming/Moving menu.
This triangle reaches its limit. You cannot make it bigger!
----------
-*****----
-****-----
-***------
-**-------
-*--------
Type I/O to zoom in/out. Use other keys to go back to the Zooming/Moving menu.
This triangle reaches its limit. You cannot make it bigger!
----------
-*****----
-****-----
-***------
-**-------
-*--------
Type I/O to zoom in/out. Use other keys to go back to the Zooming/Moving menu.
----------
-****-----
-***------
-**-------
-*--------
----------
Type I/O to zoom in/out. Use other keys to go back to the Zooming/Moving menu.
----------
-***------
-**-------
-*--------
----------
----------
Type I/O to zoom in/out. Use other keys to go back to the Zooming/Moving menu.
----------
-**-------
-*--------
----------
----------
----------
Type I/O to zoom in/out. Use other keys to go back to the Zooming/Moving menu.
----------
-*--------
----------
----------
----------
----------
Type I/O to zoom in/out. Use other keys to go back to the Zooming/Moving menu.
This triangle reaches its limit. You cannot make it smaller!
----------
-*--------
----------
----------
----------
----------
Type I/O to zoom in/out. Use other keys to go back to the Zooming/Moving menu.
This triangle reaches its limit. You cannot make it smaller!
----------
-*--------
----------
----------
----------
----------
Type I/O to zoom in/out. Use other keys to go back to the Zooming/Moving menu.
----------
-*--------
----------
----------
----------
----------
Type Z/M for zooming/moving. Use other keys to quit the Zooming/Moving mode.
Draw another triangle (Y/N)?
Please select an option. Type 4 to exit.
1. Draw triangles
2. Draw rectangles
3. Update drawing canvas settings
4. Exit
width:
height:
Printing character:
AAAAA-----
AAAAA-----
AAAAA-----
AAAAA-----
----------
----------
Type Z/M for zooming/moving. Use other keys to quit the Zooming/Moving mode.
AAAAA-----
AAAAA-----
AAAAA-----
AAAAA-----
----------
----------
Type A/S/W/Z to move left/right/up/down. Use other keys to go back to the Zooming/Moving menu.
-AAAAA----
-AAAAA----
-AAAAA----
-AAAAA----
----------
----------
Type A/S/W/Z to move left/right/up/down. Use other keys to go back to the Zooming/Moving menu.
----------
-AAAAA----
-AAAAA----
-AAAAA----
-AAAAA----
----------
Type A/S/W/Z to move left/right/up/down. Use other keys to go back to the Zooming/Moving menu.
----------
-AAAAA----
-AAAAA----
-AAAAA----
-AAAAA----
----------
Type Z/M for zooming/moving. Use other keys to quit the Zooming/Moving mode.
----------
-AAAAA----
-AAAAA----
-AAAAA----
-AAAAA----
----------
Type I/O to zoom in/out. Use other keys to go back to the Zooming/Moving menu.
----------
-AAAAAA---
-AAAAAA---
-AAAAAA---
-AAAAAA---
-AAAAAA---
Type I/O to zoom in/out. Use other keys to go back to the Zooming/Moving menu.
This rectangle reaches its limit. You cannot make it bigger!
----------
-AAAAAA---
-AAAAAA---
-AAAAAA---
-AAAAAA---
-AAAAAA---
Type I/O to zoom in/out. Use other keys to go back to the Zooming/Moving menu.
This rectangle reaches its limit. You cannot make it bigger!
----------
-AAAAAA---
-AAAAAA---
-AAAAAA---
-AAAAAA---
-AAAAAA---
Type I/O to zoom in/out. Use other keys to go back to the Zooming/Moving menu.
This rectangle reaches its limit. You cannot make it bigger!
----------
-AAAAAA---
-AAAAAA---
-AAAAAA---
-AAAAAA---
-AAAAAA---
Type I/O to zoom in/out. Use other keys to go back to the Zooming/Moving menu.
This rectangle reaches its limit. You cannot make it bigger!
----------
-AAAAAA---
-AAAAAA---
-AAAAAA---
-AAAAAA---
-AAAAAA---
Type I/O to zoom in/out. Use other keys to go back to the Zooming/Moving menu.
This rectangle reaches its limit. You cannot make it bigger!
----------
-AAAAAA---
-AAAAAA---
-AAAAAA---
-AAAAAA---
-AAAAAA---
Type I/O to zoom in/out. Use other keys to go back to the Zooming/Moving menu.
This rectangle reaches its limit. You cannot make it bigger!
----------
-AAAAAA---
-AAAAAA---
-AAAAAA---
-AAAAAA---
-AAAAAA---
Type I/O to zoom in/out. Use other keys to go back to the Zooming/Moving menu.
----------
-AAAAA----
-AAAAA----
-AAAAA----
-AAAAA----
----------
Type I/O to zoom in/out. Use other keys to go back to the Zooming/Moving menu.
----------
-AAAA-----
-AAAA-----
-AAAA-----
----------
----------
Type I/O to zoom in/out. Use other keys to go back to the Zooming/Moving menu.
----------
-AAA------
-AAA------
----------
----------
----------
Type I/O to zoom in/out. Use other keys to go back to the Zooming/Moving menu.
----------
-AA-------
----------
----------
----------
----------
Type I/O to zoom in/out. Use other keys to go back to the Zooming/Moving menu.
This rectangle reaches its limit. You cannot make it smaller!
----------
-AA-------
----------
----------
----------
----------
Type I/O to zoom in/out. Use other keys to go back to the Zooming/Moving menu.
This rectangle reaches its limit. You cannot make it smaller!
----------
-AA-------
----------
----------
----------
----------
Type I/O to zoom in/out. Use other keys to go back to the Zooming/Moving menu.
This rectangle reaches its limit. You cannot make it smaller!
----------
-AA-------
----------
----------
----------
----------
Type I/O to zoom in/out. Use other keys to go back to the Zooming/Moving menu.
This rectangle reaches its limit. You cannot make it smaller!
----------
-AA-------
----------
----------
----------
----------
Type I/O to zoom in/out. Use other keys to go back to the Zooming/Moving menu.
----------
-AA-------
----------
----------
----------
----------
Type Z/M for zooming/moving. Use other keys to quit the Zooming/Moving mode.
Draw another rectangle (Y/N)?
Please select an option. Type 4 to exit.
1. Draw triangles
2. Draw rectangles
3. Update drawing canvas settings
4. Exit
Goodbye! We hope you had fun :)
